This is pdfTeX, Version 3.14159265-2.6-1.40.18 (MiKTeX 2.9.6500 64-bit) (preloaded format=pdflatex 2017.11.18)  30 NOV 2017 03:00
entering extended mode
**./Writeup.tex
(Writeup.tex
LaTeX2e <2017-04-15>
Babel <3.15> and hyphenation patterns for 75 language(s) loaded.
("C:\Program Files\MiKTeX 2.9\tex\latex\base\article.cls"
Document Class: article 2014/09/29 v1.4h Standard LaTeX document class
("C:\Program Files\MiKTeX 2.9\tex\latex\base\size11.clo"
File: size11.clo 2014/09/29 v1.4h Standard LaTeX file (size option)
)
\c@part=\count79
\c@section=\count80
\c@subsection=\count81
\c@subsubsection=\count82
\c@paragraph=\count83
\c@subparagraph=\count84
\c@figure=\count85
\c@table=\count86
\abovecaptionskip=\skip41
\belowcaptionskip=\skip42
\bibindent=\dimen102
)
("C:\Program Files\MiKTeX 2.9\tex\latex\base\fontenc.sty"
Package: fontenc 2017/04/05 v2.0i Standard LaTeX package

("C:\Program Files\MiKTeX 2.9\tex\latex\base\t1enc.def"
File: t1enc.def 2017/04/05 v2.0i Standard LaTeX file
LaTeX Font Info:    Redeclaring font encoding T1 on input line 48.
))
("C:\Program Files\MiKTeX 2.9\tex\latex\psnfss\mathpazo.sty"
Package: mathpazo 2005/04/12 PSNFSS-v9.2a Palatino w/ Pazo Math (D.Puga, WaS) 
\symupright=\mathgroup4
)
("C:\Program Files\MiKTeX 2.9\tex\latex\graphics\graphicx.sty"
Package: graphicx 2017/06/01 v1.1a Enhanced LaTeX Graphics (DPC,SPQR)

("C:\Program Files\MiKTeX 2.9\tex\latex\graphics\keyval.sty"
Package: keyval 2014/10/28 v1.15 key=value parser (DPC)
\KV@toks@=\toks14
)
("C:\Program Files\MiKTeX 2.9\tex\latex\graphics\graphics.sty"
Package: graphics 2017/06/25 v1.2c Standard LaTeX Graphics (DPC,SPQR)

("C:\Program Files\MiKTeX 2.9\tex\latex\graphics\trig.sty"
Package: trig 2016/01/03 v1.10 sin cos tan (DPC)
)
("C:\Program Files\MiKTeX 2.9\tex\latex\graphics-cfg\graphics.cfg"
File: graphics.cfg 2016/06/04 v1.11 sample graphics configuration
)
Package graphics Info: Driver file: pdftex.def on input line 99.

("C:\Program Files\MiKTeX 2.9\tex\latex\graphics-def\pdftex.def"
File: pdftex.def 2017/06/24 v1.0g Graphics/color driver for pdftex
))
\Gin@req@height=\dimen103
\Gin@req@width=\dimen104
)
(C:\Users\laljarus\AppData\Roaming\MiKTeX\2.9\tex\latex\caption\caption.sty
Package: caption 2016/02/21 v3.3-144 Customizing captions (AR)

(C:\Users\laljarus\AppData\Roaming\MiKTeX\2.9\tex\latex\caption\caption3.sty
Package: caption3 2016/05/22 v1.7-166 caption3 kernel (AR)
Package caption3 Info: TeX engine: e-TeX on input line 67.
\captionmargin=\dimen105
\captionmargin@=\dimen106
\captionwidth=\dimen107
\caption@tempdima=\dimen108
\caption@indent=\dimen109
\caption@parindent=\dimen110
\caption@hangindent=\dimen111
)
\c@ContinuedFloat=\count87
)
("C:\Program Files\MiKTeX 2.9\tex\latex\adjustbox\adjustbox.sty"
Package: adjustbox 2012/05/21 v1.0 Adjusting TeX boxes (trim, clip, ...)

("C:\Program Files\MiKTeX 2.9\tex\latex\xkeyval\xkeyval.sty"
Package: xkeyval 2014/12/03 v2.7a package option processing (HA)

("C:\Program Files\MiKTeX 2.9\tex\generic\xkeyval\xkeyval.tex"
("C:\Program Files\MiKTeX 2.9\tex\generic\xkeyval\xkvutils.tex"
\XKV@toks=\toks15
\XKV@tempa@toks=\toks16
)
\XKV@depth=\count88
File: xkeyval.tex 2014/12/03 v2.7a key=value parser (HA)
))
("C:\Program Files\MiKTeX 2.9\tex\latex\adjustbox\adjcalc.sty"
Package: adjcalc 2012/05/16 v1.1 Provides advanced setlength with multiple back
-ends (calc, etex, pgfmath)
)
("C:\Program Files\MiKTeX 2.9\tex\latex\adjustbox\trimclip.sty"
Package: trimclip 2012/05/16 v1.0 Trim and clip general TeX material

("C:\Program Files\MiKTeX 2.9\tex\latex\collectbox\collectbox.sty"
Package: collectbox 2012/05/17 v0.4b Collect macro arguments as boxes
\collectedbox=\box26
)
\tc@llx=\dimen112
\tc@lly=\dimen113
\tc@urx=\dimen114
\tc@ury=\dimen115
Package trimclip Info: Using driver 'tc-pdftex.def'.

("C:\Program Files\MiKTeX 2.9\tex\latex\adjustbox\tc-pdftex.def"
File: tc-pdftex.def 2012/05/13 v1.0 Clipping driver for pdftex
))
\adjbox@Width=\dimen116
\adjbox@Height=\dimen117
\adjbox@Depth=\dimen118
\adjbox@Totalheight=\dimen119

("C:\Program Files\MiKTeX 2.9\tex\latex\ifoddpage\ifoddpage.sty"
Package: ifoddpage 2016/04/23 v1.1 Conditionals for odd/even page detection
\c@checkoddpage=\count89
)
("C:\Program Files\MiKTeX 2.9\tex\latex\ltxmisc\varwidth.sty"
Package: varwidth 2009/03/30 ver 0.92;  Variable-width minipages
\@vwid@box=\box27
\sift@deathcycles=\count90
\@vwid@loff=\dimen120
\@vwid@roff=\dimen121
))
("C:\Program Files\MiKTeX 2.9\tex\latex\xcolor\xcolor.sty"
Package: xcolor 2016/05/11 v2.12 LaTeX color extensions (UK)

("C:\Program Files\MiKTeX 2.9\tex\latex\graphics-cfg\color.cfg"
File: color.cfg 2016/01/02 v1.6 sample color configuration
)
Package xcolor Info: Driver file: pdftex.def on input line 225.
Package xcolor Info: Model `cmy' substituted by `cmy0' on input line 1348.
Package xcolor Info: Model `hsb' substituted by `rgb' on input line 1352.
Package xcolor Info: Model `RGB' extended on input line 1364.
Package xcolor Info: Model `HTML' substituted by `rgb' on input line 1366.
Package xcolor Info: Model `Hsb' substituted by `hsb' on input line 1367.
Package xcolor Info: Model `tHsb' substituted by `hsb' on input line 1368.
Package xcolor Info: Model `HSB' substituted by `hsb' on input line 1369.
Package xcolor Info: Model `Gray' substituted by `gray' on input line 1370.
Package xcolor Info: Model `wave' substituted by `hsb' on input line 1371.
)
("C:\Program Files\MiKTeX 2.9\tex\latex\tools\enumerate.sty"
Package: enumerate 2015/07/23 v3.00 enumerate extensions (DPC)
\@enLab=\toks17
)
("C:\Program Files\MiKTeX 2.9\tex\latex\geometry\geometry.sty"
Package: geometry 2010/09/12 v5.6 Page Geometry

("C:\Program Files\MiKTeX 2.9\tex\generic\oberdiek\ifpdf.sty"
Package: ifpdf 2017/03/15 v3.2 Provides the ifpdf switch
)
("C:\Program Files\MiKTeX 2.9\tex\generic\oberdiek\ifvtex.sty"
Package: ifvtex 2016/05/16 v1.6 Detect VTeX and its facilities (HO)
Package ifvtex Info: VTeX not detected.
)
("C:\Program Files\MiKTeX 2.9\tex\generic\ifxetex\ifxetex.sty"
Package: ifxetex 2010/09/12 v0.6 Provides ifxetex conditional
)
\Gm@cnth=\count91
\Gm@cntv=\count92
\c@Gm@tempcnt=\count93
\Gm@bindingoffset=\dimen122
\Gm@wd@mp=\dimen123
\Gm@odd@mp=\dimen124
\Gm@even@mp=\dimen125
\Gm@layoutwidth=\dimen126
\Gm@layoutheight=\dimen127
\Gm@layouthoffset=\dimen128
\Gm@layoutvoffset=\dimen129
\Gm@dimlist=\toks18

("C:\Program Files\MiKTeX 2.9\tex\latex\geometry\geometry.cfg"))
("C:\Program Files\MiKTeX 2.9\tex\latex\amsmath\amsmath.sty"
Package: amsmath 2017/09/02 v2.17a AMS math features
\@mathmargin=\skip43

For additional information on amsmath, use the `?' option.
("C:\Program Files\MiKTeX 2.9\tex\latex\amsmath\amstext.sty"
Package: amstext 2000/06/29 v2.01 AMS text

("C:\Program Files\MiKTeX 2.9\tex\latex\amsmath\amsgen.sty"
File: amsgen.sty 1999/11/30 v2.0 generic functions
\@emptytoks=\toks19
\ex@=\dimen130
))
("C:\Program Files\MiKTeX 2.9\tex\latex\amsmath\amsbsy.sty"
Package: amsbsy 1999/11/29 v1.2d Bold Symbols
\pmbraise@=\dimen131
)
("C:\Program Files\MiKTeX 2.9\tex\latex\amsmath\amsopn.sty"
Package: amsopn 2016/03/08 v2.02 operator names
)
\inf@bad=\count94
LaTeX Info: Redefining \frac on input line 213.
\uproot@=\count95
\leftroot@=\count96
LaTeX Info: Redefining \overline on input line 375.
\classnum@=\count97
\DOTSCASE@=\count98
LaTeX Info: Redefining \ldots on input line 472.
LaTeX Info: Redefining \dots on input line 475.
LaTeX Info: Redefining \cdots on input line 596.
\Mathstrutbox@=\box28
\strutbox@=\box29
\big@size=\dimen132
LaTeX Font Info:    Redeclaring font encoding OML on input line 712.
LaTeX Font Info:    Redeclaring font encoding OMS on input line 713.
\macc@depth=\count99
\c@MaxMatrixCols=\count100
\dotsspace@=\muskip10
\c@parentequation=\count101
\dspbrk@lvl=\count102
\tag@help=\toks20
\row@=\count103
\column@=\count104
\maxfields@=\count105
\andhelp@=\toks21
\eqnshift@=\dimen133
\alignsep@=\dimen134
\tagshift@=\dimen135
\tagwidth@=\dimen136
\totwidth@=\dimen137
\lineht@=\dimen138
\@envbody=\toks22
\multlinegap=\skip44
\multlinetaggap=\skip45
\mathdisplay@stack=\toks23
LaTeX Info: Redefining \[ on input line 2817.
LaTeX Info: Redefining \] on input line 2818.
)
("C:\Program Files\MiKTeX 2.9\tex\latex\amsfonts\amssymb.sty"
Package: amssymb 2013/01/14 v3.01 AMS font symbols

("C:\Program Files\MiKTeX 2.9\tex\latex\amsfonts\amsfonts.sty"
Package: amsfonts 2013/01/14 v3.01 Basic AMSFonts support
\symAMSa=\mathgroup5
\symAMSb=\mathgroup6
LaTeX Font Info:    Overwriting math alphabet `\mathfrak' in version `bold'
(Font)                  U/euf/m/n --> U/euf/b/n on input line 106.
))
("C:\Program Files\MiKTeX 2.9\tex\latex\base\textcomp.sty"
Package: textcomp 2017/04/05 v2.0i Standard LaTeX package
Package textcomp Info: Sub-encoding information:
(textcomp)               5 = only ISO-Adobe without \textcurrency
(textcomp)               4 = 5 + \texteuro
(textcomp)               3 = 4 + \textohm
(textcomp)               2 = 3 + \textestimated + \textcurrency
(textcomp)               1 = TS1 - \textcircled - \t
(textcomp)               0 = TS1 (full)
(textcomp)             Font families with sub-encoding setting implement
(textcomp)             only a restricted character set as indicated.
(textcomp)             Family '?' is the default used for unknown fonts.
(textcomp)             See the documentation for details.
Package textcomp Info: Setting ? sub-encoding to TS1/1 on input line 79.

("C:\Program Files\MiKTeX 2.9\tex\latex\base\ts1enc.def"
File: ts1enc.def 2001/06/05 v3.0e (jk/car/fm) Standard LaTeX file
)
LaTeX Info: Redefining \oldstylenums on input line 334.
Package textcomp Info: Setting cmr sub-encoding to TS1/0 on input line 349.
Package textcomp Info: Setting cmss sub-encoding to TS1/0 on input line 350.
Package textcomp Info: Setting cmtt sub-encoding to TS1/0 on input line 351.
Package textcomp Info: Setting cmvtt sub-encoding to TS1/0 on input line 352.
Package textcomp Info: Setting cmbr sub-encoding to TS1/0 on input line 353.
Package textcomp Info: Setting cmtl sub-encoding to TS1/0 on input line 354.
Package textcomp Info: Setting ccr sub-encoding to TS1/0 on input line 355.
Package textcomp Info: Setting ptm sub-encoding to TS1/4 on input line 356.
Package textcomp Info: Setting pcr sub-encoding to TS1/4 on input line 357.
Package textcomp Info: Setting phv sub-encoding to TS1/4 on input line 358.
Package textcomp Info: Setting ppl sub-encoding to TS1/3 on input line 359.
Package textcomp Info: Setting pag sub-encoding to TS1/4 on input line 360.
Package textcomp Info: Setting pbk sub-encoding to TS1/4 on input line 361.
Package textcomp Info: Setting pnc sub-encoding to TS1/4 on input line 362.
Package textcomp Info: Setting pzc sub-encoding to TS1/4 on input line 363.
Package textcomp Info: Setting bch sub-encoding to TS1/4 on input line 364.
Package textcomp Info: Setting put sub-encoding to TS1/5 on input line 365.
Package textcomp Info: Setting uag sub-encoding to TS1/5 on input line 366.
Package textcomp Info: Setting ugq sub-encoding to TS1/5 on input line 367.
Package textcomp Info: Setting ul8 sub-encoding to TS1/4 on input line 368.
Package textcomp Info: Setting ul9 sub-encoding to TS1/4 on input line 369.
Package textcomp Info: Setting augie sub-encoding to TS1/5 on input line 370.
Package textcomp Info: Setting dayrom sub-encoding to TS1/3 on input line 371.
Package textcomp Info: Setting dayroms sub-encoding to TS1/3 on input line 372.

Package textcomp Info: Setting pxr sub-encoding to TS1/0 on input line 373.
Package textcomp Info: Setting pxss sub-encoding to TS1/0 on input line 374.
Package textcomp Info: Setting pxtt sub-encoding to TS1/0 on input line 375.
Package textcomp Info: Setting txr sub-encoding to TS1/0 on input line 376.
Package textcomp Info: Setting txss sub-encoding to TS1/0 on input line 377.
Package textcomp Info: Setting txtt sub-encoding to TS1/0 on input line 378.
Package textcomp Info: Setting lmr sub-encoding to TS1/0 on input line 379.
Package textcomp Info: Setting lmdh sub-encoding to TS1/0 on input line 380.
Package textcomp Info: Setting lmss sub-encoding to TS1/0 on input line 381.
Package textcomp Info: Setting lmssq sub-encoding to TS1/0 on input line 382.
Package textcomp Info: Setting lmvtt sub-encoding to TS1/0 on input line 383.
Package textcomp Info: Setting lmtt sub-encoding to TS1/0 on input line 384.
Package textcomp Info: Setting qhv sub-encoding to TS1/0 on input line 385.
Package textcomp Info: Setting qag sub-encoding to TS1/0 on input line 386.
Package textcomp Info: Setting qbk sub-encoding to TS1/0 on input line 387.
Package textcomp Info: Setting qcr sub-encoding to TS1/0 on input line 388.
Package textcomp Info: Setting qcs sub-encoding to TS1/0 on input line 389.
Package textcomp Info: Setting qpl sub-encoding to TS1/0 on input line 390.
Package textcomp Info: Setting qtm sub-encoding to TS1/0 on input line 391.
Package textcomp Info: Setting qzc sub-encoding to TS1/0 on input line 392.
Package textcomp Info: Setting qhvc sub-encoding to TS1/0 on input line 393.
Package textcomp Info: Setting futs sub-encoding to TS1/4 on input line 394.
Package textcomp Info: Setting futx sub-encoding to TS1/4 on input line 395.
Package textcomp Info: Setting futj sub-encoding to TS1/4 on input line 396.
Package textcomp Info: Setting hlh sub-encoding to TS1/3 on input line 397.
Package textcomp Info: Setting hls sub-encoding to TS1/3 on input line 398.
Package textcomp Info: Setting hlst sub-encoding to TS1/3 on input line 399.
Package textcomp Info: Setting hlct sub-encoding to TS1/5 on input line 400.
Package textcomp Info: Setting hlx sub-encoding to TS1/5 on input line 401.
Package textcomp Info: Setting hlce sub-encoding to TS1/5 on input line 402.
Package textcomp Info: Setting hlcn sub-encoding to TS1/5 on input line 403.
Package textcomp Info: Setting hlcw sub-encoding to TS1/5 on input line 404.
Package textcomp Info: Setting hlcf sub-encoding to TS1/5 on input line 405.
Package textcomp Info: Setting pplx sub-encoding to TS1/3 on input line 406.
Package textcomp Info: Setting pplj sub-encoding to TS1/3 on input line 407.
Package textcomp Info: Setting ptmx sub-encoding to TS1/4 on input line 408.
Package textcomp Info: Setting ptmj sub-encoding to TS1/4 on input line 409.
)
("C:\Program Files\MiKTeX 2.9\tex\latex\upquote\upquote.sty"
Package: upquote 2012/04/19 v1.3 upright-quote and grave-accent glyphs in verba
tim
)
("C:\Program Files\MiKTeX 2.9\tex\latex\eurosym\eurosym.sty"
Package: eurosym 1998/08/06 v1.1 European currency symbol ``Euro''
\@eurobox=\box30
)
("C:\Program Files\MiKTeX 2.9\tex\latex\ucs\ucs.sty"
Package: ucs 2013/05/11 v2.2 UCS: Unicode input support

("C:\Program Files\MiKTeX 2.9\tex\latex\ucs\uni-global.def"
File: uni-global.def 2013/05/13 UCS: Unicode global data
)
\uc@secondtry=\count106
\uc@combtoks=\toks24
\uc@combtoksb=\toks25
\uc@temptokena=\toks26
)
("C:\Program Files\MiKTeX 2.9\tex\latex\base\inputenc.sty"
Package: inputenc 2015/03/17 v1.2c Input encoding file
\inpenc@prehook=\toks27
\inpenc@posthook=\toks28

("C:\Program Files\MiKTeX 2.9\tex\latex\ucs\utf8x.def"
File: utf8x.def 2004/10/17 UCS: Input encoding UTF-8
))
("C:\Program Files\MiKTeX 2.9\tex\latex\fancyvrb\fancyvrb.sty"
Package: fancyvrb 2008/02/07

Style option: `fancyvrb' v2.7a, with DG/SPQR fixes, and firstline=lastline fix 
<2008/02/07> (tvz)
\FV@CodeLineNo=\count107
\FV@InFile=\read1
\FV@TabBox=\box31
\c@FancyVerbLine=\count108
\FV@StepNumber=\count109
\FV@OutFile=\write3
) ("C:\Program Files\MiKTeX 2.9\tex\latex\oberdiek\grffile.sty"
Package: grffile 2016/05/16 v1.17 Extended file name support for graphics (HO)
 ("C:\Program Files\MiKTeX 2.9\tex\latex\oberdiek\kvoptions.sty"
Package: kvoptions 2016/05/16 v3.12 Key value format for package options (HO)

("C:\Program Files\MiKTeX 2.9\tex\generic\oberdiek\ltxcmds.sty"
Package: ltxcmds 2016/05/16 v1.23 LaTeX kernel commands for general use (HO)
)
("C:\Program Files\MiKTeX 2.9\tex\generic\oberdiek\kvsetkeys.sty"
Package: kvsetkeys 2016/05/16 v1.17 Key value parser (HO)

("C:\Program Files\MiKTeX 2.9\tex\generic\oberdiek\infwarerr.sty"
Package: infwarerr 2016/05/16 v1.4 Providing info/warning/error messages (HO)
)
("C:\Program Files\MiKTeX 2.9\tex\generic\oberdiek\etexcmds.sty"
Package: etexcmds 2016/05/16 v1.6 Avoid name clashes with e-TeX commands (HO)

("C:\Program Files\MiKTeX 2.9\tex\generic\oberdiek\ifluatex.sty"
Package: ifluatex 2016/05/16 v1.4 Provides the ifluatex switch (HO)
Package ifluatex Info: LuaTeX not detected.
)
Package etexcmds Info: Could not find \expanded.
(etexcmds)             That can mean that you are not using pdfTeX 1.50 or
(etexcmds)             that some package has redefined \expanded.
(etexcmds)             In the latter case, load this package earlier.
)))
("C:\Program Files\MiKTeX 2.9\tex\generic\oberdiek\pdftexcmds.sty"
Package: pdftexcmds 2017/03/19 v0.25 Utility functions of pdfTeX for LuaTeX (HO
)
Package pdftexcmds Info: LuaTeX not detected.
Package pdftexcmds Info: \pdf@primitive is available.
Package pdftexcmds Info: \pdf@ifprimitive is available.
Package pdftexcmds Info: \pdfdraftmode found.
)
Package grffile Info: Option `multidot' is set to `true'.
Package grffile Info: Option `extendedchars' is set to `false'.
Package grffile Info: Option `space' is set to `true'.
Package grffile Info: \Gin@ii of package `graphicx' fixed on input line 486.
)
("C:\Program Files\MiKTeX 2.9\tex\latex\hyperref\hyperref.sty"
Package: hyperref 2017/03/14 v6.85a Hypertext links for LaTeX

("C:\Program Files\MiKTeX 2.9\tex\generic\oberdiek\hobsub-hyperref.sty"
Package: hobsub-hyperref 2016/05/16 v1.14 Bundle oberdiek, subset hyperref (HO)


("C:\Program Files\MiKTeX 2.9\tex\generic\oberdiek\hobsub-generic.sty"
Package: hobsub-generic 2016/05/16 v1.14 Bundle oberdiek, subset generic (HO)
Package: hobsub 2016/05/16 v1.14 Construct package bundles (HO)
Package hobsub Info: Skipping package `infwarerr' (already loaded).
Package hobsub Info: Skipping package `ltxcmds' (already loaded).
Package hobsub Info: Skipping package `ifluatex' (already loaded).
Package hobsub Info: Skipping package `ifvtex' (already loaded).
Package: intcalc 2016/05/16 v1.2 Expandable calculations with integers (HO)
Package hobsub Info: Skipping package `ifpdf' (already loaded).
Package hobsub Info: Skipping package `etexcmds' (already loaded).
Package hobsub Info: Skipping package `kvsetkeys' (already loaded).
Package: kvdefinekeys 2016/05/16 v1.4 Define keys (HO)
Package hobsub Info: Skipping package `pdftexcmds' (already loaded).
Package: pdfescape 2016/05/16 v1.14 Implements pdfTeX's escape features (HO)
Package: bigintcalc 2016/05/16 v1.4 Expandable calculations on big integers (HO
)
Package: bitset 2016/05/16 v1.2 Handle bit-vector datatype (HO)
Package: uniquecounter 2016/05/16 v1.3 Provide unlimited unique counter (HO)
)
Package hobsub Info: Skipping package `hobsub' (already loaded).
Package: letltxmacro 2016/05/16 v1.5 Let assignment for LaTeX macros (HO)
Package: hopatch 2016/05/16 v1.3 Wrapper for package hooks (HO)
Package: xcolor-patch 2016/05/16 xcolor patch
Package: atveryend 2016/05/16 v1.9 Hooks at the very end of document (HO)
Package atveryend Info: \enddocument detected (standard20110627).
Package: atbegshi 2016/06/09 v1.18 At begin shipout hook (HO)
Package: refcount 2016/05/16 v3.5 Data extraction from label references (HO)
Package: hycolor 2016/05/16 v1.8 Color options for hyperref/bookmark (HO)
)
("C:\Program Files\MiKTeX 2.9\tex\latex\oberdiek\auxhook.sty"
Package: auxhook 2016/05/16 v1.4 Hooks for auxiliary files (HO)
)
\@linkdim=\dimen139
\Hy@linkcounter=\count110
\Hy@pagecounter=\count111

("C:\Program Files\MiKTeX 2.9\tex\latex\hyperref\pd1enc.def"
File: pd1enc.def 2017/03/14 v6.85a Hyperref: PDFDocEncoding definition (HO)
)
\Hy@SavedSpaceFactor=\count112

("C:\Program Files\MiKTeX 2.9\tex\latex\00miktex\hyperref.cfg"
File: hyperref.cfg 2002/06/06 v1.2 hyperref configuration of TeXLive
)
Package hyperref Info: Hyper figures OFF on input line 4498.
Package hyperref Info: Link nesting OFF on input line 4503.
Package hyperref Info: Hyper index ON on input line 4506.
Package hyperref Info: Plain pages OFF on input line 4513.
Package hyperref Info: Backreferencing OFF on input line 4518.
Package hyperref Info: Implicit mode ON; LaTeX internals redefined.
Package hyperref Info: Bookmarks ON on input line 4751.
\c@Hy@tempcnt=\count113

("C:\Program Files\MiKTeX 2.9\tex\latex\url\url.sty"
\Urlmuskip=\muskip11
Package: url 2013/09/16  ver 3.4  Verb mode for urls, etc.
)
LaTeX Info: Redefining \url on input line 5104.
\XeTeXLinkMargin=\dimen140
\Fld@menulength=\count114
\Field@Width=\dimen141
\Fld@charsize=\dimen142
Package hyperref Info: Hyper figures OFF on input line 6358.
Package hyperref Info: Link nesting OFF on input line 6363.
Package hyperref Info: Hyper index ON on input line 6366.
Package hyperref Info: backreferencing OFF on input line 6373.
Package hyperref Info: Link coloring OFF on input line 6378.
Package hyperref Info: Link coloring with OCG OFF on input line 6383.
Package hyperref Info: PDF/A mode OFF on input line 6388.
LaTeX Info: Redefining \ref on input line 6428.
LaTeX Info: Redefining \pageref on input line 6432.
\Hy@abspage=\count115
\c@Item=\count116
\c@Hfootnote=\count117
)

Package hyperref Message: Driver (autodetected): hpdftex.

("C:\Program Files\MiKTeX 2.9\tex\latex\hyperref\hpdftex.def"
File: hpdftex.def 2017/03/14 v6.85a Hyperref driver for pdfTeX
\Fld@listcount=\count118
\c@bookmark@seq@number=\count119

("C:\Program Files\MiKTeX 2.9\tex\latex\oberdiek\rerunfilecheck.sty"
Package: rerunfilecheck 2016/05/16 v1.8 Rerun checks for auxiliary files (HO)
Package uniquecounter Info: New unique counter `rerunfilecheck' on input line 2
82.
)
\Hy@SectionHShift=\skip46
)
("C:\Program Files\MiKTeX 2.9\tex\latex\tools\longtable.sty"
Package: longtable 2014/10/28 v4.11 Multi-page Table package (DPC)
\LTleft=\skip47
\LTright=\skip48
\LTpre=\skip49
\LTpost=\skip50
\LTchunksize=\count120
\LTcapwidth=\dimen143
\LT@head=\box32
\LT@firsthead=\box33
\LT@foot=\box34
\LT@lastfoot=\box35
\LT@cols=\count121
\LT@rows=\count122
\c@LT@tables=\count123
\c@LT@chunks=\count124
\LT@p@ftn=\toks29
)
("C:\Program Files\MiKTeX 2.9\tex\latex\booktabs\booktabs.sty"
Package: booktabs 2005/04/14 v1.61803 publication quality tables
\heavyrulewidth=\dimen144
\lightrulewidth=\dimen145
\cmidrulewidth=\dimen146
\belowrulesep=\dimen147
\belowbottomsep=\dimen148
\aboverulesep=\dimen149
\abovetopsep=\dimen150
\cmidrulesep=\dimen151
\cmidrulekern=\dimen152
\defaultaddspace=\dimen153
\@cmidla=\count125
\@cmidlb=\count126
\@aboverulesep=\dimen154
\@belowrulesep=\dimen155
\@thisruleclass=\count127
\@lastruleclass=\count128
\@thisrulewidth=\dimen156
)
("C:\Program Files\MiKTeX 2.9\tex\latex\enumitem\enumitem.sty"
Package: enumitem 2011/09/28 v3.5.2 Customized lists
\labelindent=\skip51
\enit@outerparindent=\dimen157
\enit@toks=\toks30
\enit@inbox=\box36
\enitdp@description=\count129
)
("C:\Program Files\MiKTeX 2.9\tex\latex\ulem\ulem.sty"
\UL@box=\box37
\UL@hyphenbox=\box38
\UL@skip=\skip52
\UL@hook=\toks31
\UL@height=\dimen158
\UL@pe=\count130
\UL@pixel=\dimen159
\ULC@box=\box39
Package: ulem 2012/05/18
\ULdepth=\dimen160
)
Package hyperref Info: Option `breaklinks' set `true' on input line 268.
Package hyperref Info: Option `colorlinks' set `true' on input line 268.
 (Writeup.aux)
\openout1 = `Writeup.aux'.

LaTeX Font Info:    Checking defaults for OML/cmm/m/it on input line 275.
LaTeX Font Info:    ... okay on input line 275.
LaTeX Font Info:    Checking defaults for T1/cmr/m/n on input line 275.
LaTeX Font Info:    ... okay on input line 275.
LaTeX Font Info:    Checking defaults for OT1/cmr/m/n on input line 275.
LaTeX Font Info:    ... okay on input line 275.
LaTeX Font Info:    Checking defaults for OMS/cmsy/m/n on input line 275.
LaTeX Font Info:    ... okay on input line 275.
LaTeX Font Info:    Checking defaults for OMX/cmex/m/n on input line 275.
LaTeX Font Info:    ... okay on input line 275.
LaTeX Font Info:    Checking defaults for U/cmr/m/n on input line 275.
LaTeX Font Info:    ... okay on input line 275.
LaTeX Font Info:    Checking defaults for TS1/cmr/m/n on input line 275.
LaTeX Font Info:    Try loading font information for TS1+cmr on input line 275.


("C:\Program Files\MiKTeX 2.9\tex\latex\base\ts1cmr.fd"
File: ts1cmr.fd 2014/09/29 v2.5h Standard LaTeX font definitions
)
LaTeX Font Info:    ... okay on input line 275.
LaTeX Font Info:    Checking defaults for PD1/pdf/m/n on input line 275.
LaTeX Font Info:    ... okay on input line 275.
LaTeX Font Info:    Try loading font information for T1+ppl on input line 275.

("C:\Program Files\MiKTeX 2.9\tex\latex\psnfss\t1ppl.fd"
File: t1ppl.fd 2001/06/04 font definitions for T1/ppl.
)
("C:\Program Files\MiKTeX 2.9\tex\context\base\supp-pdf.mkii"
[Loading MPS to PDF converter (version 2006.09.02).]
\scratchcounter=\count131
\scratchdimen=\dimen161
\scratchbox=\box40
\nofMPsegments=\count132
\nofMParguments=\count133
\everyMPshowfont=\toks32
\MPscratchCnt=\count134
\MPscratchDim=\dimen162
\MPnumerator=\count135
\makeMPintoPDFobject=\count136
\everyMPtoPDFconversion=\toks33
) ("C:\Program Files\MiKTeX 2.9\tex\latex\oberdiek\epstopdf-base.sty"
Package: epstopdf-base 2016/05/15 v2.6 Base part for package epstopdf

("C:\Program Files\MiKTeX 2.9\tex\latex\oberdiek\grfext.sty"
Package: grfext 2016/05/16 v1.2 Manage graphics extensions (HO)
)
Package epstopdf-base Info: Redefining graphics rule for `.eps' on input line 4
38.
Package grfext Info: Graphics extension search list:
(grfext)             [.pdf,.png,.jpg,.mps,.jpeg,.jbig2,.jb2,.PDF,.PNG,.JPG,.JPE
G,.JBIG2,.JB2,.eps]
(grfext)             \AppendGraphicsExtensions on input line 456.
)
Package caption Info: Begin \AtBeginDocument code.
Package caption Info: hyperref package is loaded.
Package caption Info: longtable package is loaded.

(C:\Users\laljarus\AppData\Roaming\MiKTeX\2.9\tex\latex\caption\ltcaption.sty
Package: ltcaption 2013/06/09 v1.4-94 longtable captions (AR)
)
Package caption Info: End \AtBeginDocument code.

*geometry* driver: auto-detecting
*geometry* detected driver: pdftex
*geometry* verbose mode - [ preamble ] result:
* driver: pdftex
* paper: <default>
* layout: <same size as paper>
* layoutoffset:(h,v)=(0.0pt,0.0pt)
* modes: 
* h-part:(L,W,R)=(72.26999pt, 469.75502pt, 72.26999pt)
* v-part:(T,H,B)=(72.26999pt, 650.43001pt, 72.26999pt)
* \paperwidth=614.295pt
* \paperheight=794.96999pt
* \textwidth=469.75502pt
* \textheight=650.43001pt
* \oddsidemargin=0.0pt
* \evensidemargin=0.0pt
* \topmargin=-37.0pt
* \headheight=12.0pt
* \headsep=25.0pt
* \topskip=11.0pt
* \footskip=30.0pt
* \marginparwidth=59.0pt
* \marginparsep=10.0pt
* \columnsep=10.0pt
* \skip\footins=10.0pt plus 4.0pt minus 2.0pt
* \hoffset=0.0pt
* \voffset=0.0pt
* \mag=1000
* \@twocolumnfalse
* \@twosidefalse
* \@mparswitchfalse
* \@reversemarginfalse
* (1in=72.27pt=25.4mm, 1cm=28.453pt)

("C:\Program Files\MiKTeX 2.9\tex\latex\ucs\ucsencs.def"
File: ucsencs.def 2011/01/21 Fixes to fontencodings LGR, T3
)
\AtBeginShipoutBox=\box41
Package hyperref Info: Link coloring ON on input line 275.

("C:\Program Files\MiKTeX 2.9\tex\latex\hyperref\nameref.sty"
Package: nameref 2016/05/21 v2.44 Cross-referencing by name of section

("C:\Program Files\MiKTeX 2.9\tex\generic\oberdiek\gettitlestring.sty"
Package: gettitlestring 2016/05/16 v1.5 Cleanup title references (HO)
)
\c@section@level=\count137
)
LaTeX Info: Redefining \ref on input line 275.
LaTeX Info: Redefining \pageref on input line 275.
LaTeX Info: Redefining \nameref on input line 275.

(Writeup.out) (Writeup.out)
\@outlinefile=\write4
\openout4 = `Writeup.out'.

LaTeX Font Info:    Try loading font information for OT1+ppl on input line 279.


("C:\Program Files\MiKTeX 2.9\tex\latex\psnfss\ot1ppl.fd"
File: ot1ppl.fd 2001/06/04 font definitions for OT1/ppl.
)
LaTeX Font Info:    Try loading font information for OML+zplm on input line 279
.

("C:\Program Files\MiKTeX 2.9\tex\latex\psnfss\omlzplm.fd"
File: omlzplm.fd 2002/09/08 Fontinst v1.914 font definitions for OML/zplm.
)
LaTeX Font Info:    Try loading font information for OMS+zplm on input line 279
.

("C:\Program Files\MiKTeX 2.9\tex\latex\psnfss\omszplm.fd"
File: omszplm.fd 2002/09/08 Fontinst v1.914 font definitions for OMS/zplm.
)
LaTeX Font Info:    Try loading font information for OMX+zplm on input line 279
.

("C:\Program Files\MiKTeX 2.9\tex\latex\psnfss\omxzplm.fd"
File: omxzplm.fd 2002/09/08 Fontinst v1.914 font definitions for OMX/zplm.
)
LaTeX Font Info:    Try loading font information for OT1+zplm on input line 279
.

("C:\Program Files\MiKTeX 2.9\tex\latex\psnfss\ot1zplm.fd"
File: ot1zplm.fd 2002/09/08 Fontinst v1.914 font definitions for OT1/zplm.
)
LaTeX Font Info:    Font shape `U/msa/m/n' will be
(Font)              scaled to size 12.50409pt on input line 279.
LaTeX Font Info:    Font shape `U/msa/m/n' will be
(Font)              scaled to size 9.37807pt on input line 279.
LaTeX Font Info:    Font shape `U/msa/m/n' will be
(Font)              scaled to size 7.29405pt on input line 279.
LaTeX Font Info:    Font shape `U/msb/m/n' will be
(Font)              scaled to size 12.50409pt on input line 279.
LaTeX Font Info:    Font shape `U/msb/m/n' will be
(Font)              scaled to size 9.37807pt on input line 279.
LaTeX Font Info:    Font shape `U/msb/m/n' will be
(Font)              scaled to size 7.29405pt on input line 279.


LaTeX Warning: No \author given.

LaTeX Font Info:    Font shape `T1/ppl/bx/n' in size <14.4> not available
(Font)              Font shape `T1/ppl/b/n' tried instead on input line 284.
LaTeX Font Info:    Font shape `T1/ppl/bx/n' in size <12> not available
(Font)              Font shape `T1/ppl/b/n' tried instead on input line 286.
LaTeX Font Info:    Font shape `T1/ppl/bx/n' in size <10.95> not available
(Font)              Font shape `T1/ppl/b/n' tried instead on input line 299.
LaTeX Font Info:    Try loading font information for TS1+ppl on input line 339.

("C:\Program Files\MiKTeX 2.9\tex\latex\psnfss\ts1ppl.fd"
File: ts1ppl.fd 2001/06/04 font definitions for TS1/ppl.
) [1

{C:/Users/laljarus/AppData/Local/MiKTeX/2.9/pdftex/config/pdftex.map}]
<./BarChart.png, id=45, 1145.27875pt x 2012.51875pt>
File: ./BarChart.png Graphic file (type png)
<use ./BarChart.png>
Package pdftex.def Info: ./BarChart.png  used on input line 359. on input line 
359.
Package pdftex.def Info: Requested size: 375.80544pt x 660.38681pt on input lin
e 359.


LaTeX Warning: Float too large for page by 33.5568pt on input line 361.

<./TrafficSigns.png, id=47, 1486.55376pt x 1976.38374pt>
File: ./TrafficSigns.png Graphic file (type png)
<use ./TrafficSigns.png>
Package pdftex.def Info: ./TrafficSigns.png  used on input line 379. on input l
ine 379.
Package pdftex.def Info: Requested size: 375.80544pt x 499.61348pt on input lin
e 379.
<./mean_variance.png, id=48, 1416.79312pt x 674.52pt>
File: ./mean_variance.png Graphic file (type png)
<use ./mean_variance.png>
Package pdftex.def Info: ./mean_variance.png  used on input line 398. on input 
line 398.
Package pdftex.def Info: Requested size: 375.80544pt x 178.91162pt on input lin
e 398.
LaTeX Font Info:    Font shape `U/msa/m/n' will be
(Font)              scaled to size 11.40997pt on input line 408.
LaTeX Font Info:    Font shape `U/msa/m/n' will be
(Font)              scaled to size 8.33606pt on input line 408.
LaTeX Font Info:    Font shape `U/msa/m/n' will be
(Font)              scaled to size 6.25204pt on input line 408.
LaTeX Font Info:    Font shape `U/msb/m/n' will be
(Font)              scaled to size 11.40997pt on input line 408.
LaTeX Font Info:    Font shape `U/msb/m/n' will be
(Font)              scaled to size 8.33606pt on input line 408.
LaTeX Font Info:    Font shape `U/msb/m/n' will be
(Font)              scaled to size 6.25204pt on input line 408.
<./Normalization.png, id=49, 373.395pt x 199.74625pt>
File: ./Normalization.png Graphic file (type png)
<use ./Normalization.png>
Package pdftex.def Info: ./Normalization.png  used on input line 420. on input 
line 420.
Package pdftex.def Info: Requested size: 298.7164pt x 159.8033pt on input line 
420.
<./LeNet.png, id=50, 1076.02pt x 386.44376pt>
File: ./LeNet.png Graphic file (type png)
<use ./LeNet.png>
Package pdftex.def Info: ./LeNet.png  used on input line 441. on input line 441
.
Package pdftex.def Info: Requested size: 375.80544pt x 134.9684pt on input line
 441.

Underfull \hbox (badness 1478) in paragraph at lines 441--442
[][] \T1/ppl/m/n/10.95 source: Yann
 []

[2] [3 <./BarChart.png>] [4 <./TrafficSigns.png>] [5 <./mean_variance.png> <./N
ormalization.png>] [6 <./LeNet.png>]
<./Loss.png, id=88, 425.59pt x 281.05pt>
File: ./Loss.png Graphic file (type png)
<use ./Loss.png>
Package pdftex.def Info: ./Loss.png  used on input line 591. on input line 591.

Package pdftex.def Info: Requested size: 340.47244pt x 224.85315pt on input lin
e 591.
<./Accuracy.png, id=89, 425.59pt x 281.05pt>
File: ./Accuracy.png Graphic file (type png)
<use ./Accuracy.png>
Package pdftex.def Info: ./Accuracy.png  used on input line 597. on input line 
597.
Package pdftex.def Info: Requested size: 340.47244pt x 224.85315pt on input lin
e 597.
 [7 <./Loss.png>]
<./TrafficSignsInternetInput.png, id=97, 1437.37pt x 536.0025pt>
File: ./TrafficSignsInternetInput.png Graphic file (type png)
<use ./TrafficSignsInternetInput.png>
Package pdftex.def Info: ./TrafficSignsInternetInput.png  used on input line 61
3. on input line 613.
Package pdftex.def Info: Requested size: 375.80544pt x 140.13434pt on input lin
e 613.
<./TrafficSignsInternetOutput.png, id=98, 1437.37pt x 536.0025pt>
File: ./TrafficSignsInternetOutput.png Graphic file (type png)
<use ./TrafficSignsInternetOutput.png>
Package pdftex.def Info: ./TrafficSignsInternetOutput.png  used on input line 6
21. on input line 621.
Package pdftex.def Info: Requested size: 375.80544pt x 140.13434pt on input lin
e 621.

Overfull \hbox (11.37997pt too wide) in paragraph at lines 630--632
 []|\T1/ppl/m/n/10.95 Image 
 []


Overfull \hbox (7.86493pt too wide) in paragraph at lines 632--634
 []|\T1/ppl/m/n/10.95 Label| 
 []


Overfull \hbox (19.4279pt too wide) in paragraph at lines 634--636
 []|\T1/ppl/m/n/10.95 Highest 
 []


Overfull \hbox (31.54929pt too wide) in paragraph at lines 634--636
 \T1/ppl/m/n/10.95 Probablity| 
 []


Overfull \hbox (19.4279pt too wide) in paragraph at lines 636--638
 \T1/ppl/m/n/10.95 Highest| 
 []


Overfull \hbox (19.4279pt too wide) in paragraph at lines 638--640
 \T1/ppl/m/n/10.95 Highest| 
 []


Overfull \hbox (19.4279pt too wide) in paragraph at lines 640--642
 \T1/ppl/m/n/10.95 Highest| 
 []


Overfull \hbox (19.4279pt too wide) in paragraph at lines 642--644
 \T1/ppl/m/n/10.95 Highest| 
 []


Overfull \hbox (13.51517pt too wide) in paragraph at lines 649--651
 []|\T1/ppl/m/n/10.95 Ahead 
 []


Overfull \hbox (2.8389pt too wide) in paragraph at lines 649--651
 \T1/ppl/m/n/10.95 only| 
 []


Overfull \hbox (13.51517pt too wide) in paragraph at lines 651--653
 []|\T1/ppl/m/n/10.95 Ahead 
 []


Overfull \hbox (2.8389pt too wide) in paragraph at lines 651--653
 \T1/ppl/m/n/10.95 only| 
 []


Overfull \hbox (41.85329pt too wide) in paragraph at lines 653--655
 []|\T1/ppl/m/n/10.95 Roundabout 
 []


Overfull \hbox (35.54636pt too wide) in paragraph at lines 653--655
 \T1/ppl/m/n/10.95 Mandatory| 
 []


Overfull \hbox (4.24054pt too wide) in paragraph at lines 655--657
 []|\T1/ppl/m/n/10.95 Turn 
 []


Overfull \hbox (7.74434pt too wide) in paragraph at lines 655--657
 \T1/ppl/m/n/10.95 Right 
 []


Overfull \hbox (13.51517pt too wide) in paragraph at lines 655--657
 \T1/ppl/m/n/10.95 Ahead| 
 []


Overfull \hbox (19.5483pt too wide) in paragraph at lines 657--659
 \T1/ppl/m/n/10.95 Straight 
 []


Overfull \hbox (7.74434pt too wide) in paragraph at lines 657--659
 \T1/ppl/m/n/10.95 Right| 
 []


Overfull \hbox (4.24054pt too wide) in paragraph at lines 659--661
 []|\T1/ppl/m/n/10.95 Turn 
 []


Overfull \hbox (13.51517pt too wide) in paragraph at lines 659--661
 \T1/ppl/m/n/10.95 Ahead| 
 []


Overfull \hbox (5.85042pt too wide) in paragraph at lines 668--670
 []|\T1/ppl/m/n/10.95 0.000| 
 []


Overfull \hbox (5.85042pt too wide) in paragraph at lines 670--672
 []|\T1/ppl/m/n/10.95 0.000| 
 []


Overfull \hbox (5.85042pt too wide) in paragraph at lines 672--674
 []|\T1/ppl/m/n/10.95 0.000| 
 []


Overfull \hbox (5.85042pt too wide) in paragraph at lines 674--676
 []|\T1/ppl/m/n/10.95 0.000| 
 []


Overfull \hbox (6.81363pt too wide) in paragraph at lines 679--681
 \T1/ppl/m/n/10.95 entry| 
 []


Overfull \hbox (6.81363pt too wide) in paragraph at lines 681--683
 \T1/ppl/m/n/10.95 entry| 
 []


Overfull \hbox (6.22243pt too wide) in paragraph at lines 683--685
 []|\T1/ppl/m/n/10.95 Yield| 
 []


Overfull \hbox (19.97539pt too wide) in paragraph at lines 685--687
 []|\T1/ppl/m/n/10.95 Bicycles 
 []


Overfull \hbox (24.0161pt too wide) in paragraph at lines 685--687
 \T1/ppl/m/n/10.95 Crossing| 
 []


Overfull \hbox (6.23352pt too wide) in paragraph at lines 687--689
 \T1/ppl/m/n/10.95 Pass- 
 []


Overfull \hbox (2.94838pt too wide) in paragraph at lines 687--689
 \T1/ppl/m/n/10.95 over 
 []


Overfull \hbox (4.03244pt too wide) in paragraph at lines 687--689
 \T1/ppl/m/n/10.95 Met- 
 []


Overfull \hbox (3.91211pt too wide) in paragraph at lines 687--689
 \T1/ppl/m/n/10.95 Tons| 
 []


Overfull \hbox (22.1543pt too wide) in paragraph at lines 689--691
 []|\T1/ppl/m/n/10.95 Slippery 
 []


Overfull \hbox (6.67154pt too wide) in paragraph at lines 689--691
 \T1/ppl/m/n/10.95 Road| 
 []


Overfull \hbox (5.85042pt too wide) in paragraph at lines 696--698
 []|\T1/ppl/m/n/10.95 0.589| 
 []


Overfull \hbox (5.85042pt too wide) in paragraph at lines 698--700
 []|\T1/ppl/m/n/10.95 0.250| 
 []


Overfull \hbox (5.85042pt too wide) in paragraph at lines 700--702
 []|\T1/ppl/m/n/10.95 0.150| 
 []


Overfull \hbox (5.85042pt too wide) in paragraph at lines 702--704
 []|\T1/ppl/m/n/10.95 0.008| 
 []


Overfull \hbox (5.85042pt too wide) in paragraph at lines 704--706
 []|\T1/ppl/m/n/10.95 0.001| 
 []


Overfull \hbox (18.48604pt too wide) in paragraph at lines 709--711
 []|\T1/ppl/m/n/10.95 Priority 
 []


Overfull \hbox (3.48517pt too wide) in paragraph at lines 709--711
 \T1/ppl/m/n/10.95 road| 
 []


Overfull \hbox (18.48604pt too wide) in paragraph at lines 711--713
 []|\T1/ppl/m/n/10.95 Priority 
 []


Overfull \hbox (3.48517pt too wide) in paragraph at lines 711--713
 \T1/ppl/m/n/10.95 road| 
 []


Overfull \hbox (0.96666pt too wide) in paragraph at lines 713--715
 []|\T1/ppl/m/n/10.95 End 
 []


Overfull \hbox (9.61693pt too wide) in paragraph at lines 713--715
 \T1/ppl/m/n/10.95 speed 
 []


Overfull \hbox (6.20064pt too wide) in paragraph at lines 713--715
 \T1/ppl/m/n/10.95 pass- 
 []


Overfull \hbox (8.65312pt too wide) in paragraph at lines 713--715
 \T1/ppl/m/n/10.95 limits| 
 []


Overfull \hbox (11.67563pt too wide) in paragraph at lines 715--717
 []|\T1/ppl/m/n/10.95 Traffic 
 []


Overfull \hbox (15.9131pt too wide) in paragraph at lines 715--717
 \T1/ppl/m/n/10.95 Signals| 
 []


Overfull \hbox (0.96666pt too wide) in paragraph at lines 717--719
 []|\T1/ppl/m/n/10.95 End 
 []


Overfull \hbox (18.20163pt too wide) in paragraph at lines 717--719
 \T1/ppl/m/n/10.95 passing| 
 []


Overfull \hbox (6.81363pt too wide) in paragraph at lines 719--721
 \T1/ppl/m/n/10.95 entry| 
 []


Overfull \hbox (5.85042pt too wide) in paragraph at lines 728--730
 []|\T1/ppl/m/n/10.95 0.000| 
 []


Overfull \hbox (5.85042pt too wide) in paragraph at lines 730--732
 []|\T1/ppl/m/n/10.95 0.000| 
 []


Overfull \hbox (5.85042pt too wide) in paragraph at lines 732--734
 []|\T1/ppl/m/n/10.95 0.000| 
 []


Overfull \hbox (5.85042pt too wide) in paragraph at lines 734--736
 []|\T1/ppl/m/n/10.95 0.000| 
 []


Overfull \hbox (11.39064pt too wide) in paragraph at lines 739--741
 []|\T1/ppl/m/n/10.95 Right- 
 []


Overfull \hbox (1.90833pt too wide) in paragraph at lines 739--741
 \T1/ppl/m/n/10.95 way 
 []


Overfull \hbox (2.05043pt too wide) in paragraph at lines 739--741
 \T1/ppl/m/n/10.95 next 
 []


Overfull \hbox (37.76869pt too wide) in paragraph at lines 739--741
 \T1/ppl/m/n/10.95 intersection| 
 []


Overfull \hbox (11.39064pt too wide) in paragraph at lines 741--743
 []|\T1/ppl/m/n/10.95 Right- 
 []


Overfull \hbox (1.90833pt too wide) in paragraph at lines 741--743
 \T1/ppl/m/n/10.95 way 
 []


Overfull \hbox (2.05043pt too wide) in paragraph at lines 741--743
 \T1/ppl/m/n/10.95 next 
 []


Overfull \hbox (37.76869pt too wide) in paragraph at lines 741--743
 \T1/ppl/m/n/10.95 intersection| 
 []


Overfull \hbox (19.97539pt too wide) in paragraph at lines 743--745
 []|\T1/ppl/m/n/10.95 Bicycles 
 []


Overfull \hbox (21.11432pt too wide) in paragraph at lines 743--745
 \T1/ppl/m/n/10.95 crossing| 
 []


Overfull \hbox (10.72289pt too wide) in paragraph at lines 745--747
 []|\T1/ppl/m/n/10.95 Speed 
 []


Overfull \hbox (51.0183pt too wide) in paragraph at lines 745--747
 \T1/ppl/m/n/10.95 limit(80km/h)| 
 []


Overfull \hbox (17.12871pt too wide) in paragraph at lines 747--749
 []|\T1/ppl/m/n/10.95 Beware 
 []


Overfull \hbox (27.26811pt too wide) in paragraph at lines 747--749
 \T1/ppl/m/n/10.95 ice/snow| 
 []


Overfull \hbox (10.72289pt too wide) in paragraph at lines 749--751
 []|\T1/ppl/m/n/10.95 Speed 
 []


Overfull \hbox (4.01035pt too wide) in paragraph at lines 749--751
 \T1/ppl/m/n/10.95 limit 
 []


Overfull \hbox (28.22092pt too wide) in paragraph at lines 749--751
 \T1/ppl/m/n/10.95 (30km/h)| 
 []


Overfull \hbox (5.85042pt too wide) in paragraph at lines 756--758
 []|\T1/ppl/m/n/10.95 1.000| 
 []


Overfull \hbox (5.85042pt too wide) in paragraph at lines 758--760
 []|\T1/ppl/m/n/10.95 0.000| 
 []


Overfull \hbox (5.85042pt too wide) in paragraph at lines 760--762
 []|\T1/ppl/m/n/10.95 0.000| 
 []


Overfull \hbox (5.85042pt too wide) in paragraph at lines 762--764
 []|\T1/ppl/m/n/10.95 0.000| 
 []


Overfull \hbox (5.85042pt too wide) in paragraph at lines 764--766
 []|\T1/ppl/m/n/10.95 0.000| 
 []


Overfull \hbox (41.85329pt too wide) in paragraph at lines 769--771
 []|\T1/ppl/m/n/10.95 Roundabout 
 []


Overfull \hbox (34.8565pt too wide) in paragraph at lines 769--771
 \T1/ppl/m/n/10.95 mandatory| 
 []


Overfull \hbox (41.85329pt too wide) in paragraph at lines 771--773
 []|\T1/ppl/m/n/10.95 Roundabout 
 []


Overfull \hbox (34.8565pt too wide) in paragraph at lines 771--773
 \T1/ppl/m/n/10.95 mandatory| 
 []


Overfull \hbox (19.41695pt too wide) in paragraph at lines 773--775
 []|\T1/ppl/m/n/10.95 General 
 []


Overfull \hbox (17.2598pt too wide) in paragraph at lines 773--775
 \T1/ppl/m/n/10.95 caution| 
 []


Overfull \hbox (11.39064pt too wide) in paragraph at lines 775--777
 []|\T1/ppl/m/n/10.95 Right- 
 []


Overfull \hbox (1.90833pt too wide) in paragraph at lines 775--777
 \T1/ppl/m/n/10.95 way 
 []


Overfull \hbox (2.05043pt too wide) in paragraph at lines 775--777
 \T1/ppl/m/n/10.95 next 
 []


Overfull \hbox (37.76869pt too wide) in paragraph at lines 775--777
 \T1/ppl/m/n/10.95 intersection| 
 []


Overfull \hbox (24.15836pt too wide) in paragraph at lines 777--779
 []|\T1/ppl/m/n/10.95 Children 
 []


Overfull \hbox (21.11432pt too wide) in paragraph at lines 777--779
 \T1/ppl/m/n/10.95 crossing| 
 []


Overfull \hbox (6.23329pt too wide) in paragraph at lines 779--781
 []|\T1/ppl/m/n/10.95 Keep 
 []


Overfull \hbox (4.755pt too wide) in paragraph at lines 779--781
 \T1/ppl/m/n/10.95 right| 
 []


Overfull \hbox (5.85042pt too wide) in paragraph at lines 786--788
 []|\T1/ppl/m/n/10.95 0.999| 
 []


Overfull \hbox (5.85042pt too wide) in paragraph at lines 788--790
 []|\T1/ppl/m/n/10.95 0.001| 
 []


Overfull \hbox (5.85042pt too wide) in paragraph at lines 790--792
 []|\T1/ppl/m/n/10.95 0.000| 
 []


Overfull \hbox (5.85042pt too wide) in paragraph at lines 792--794
 []|\T1/ppl/m/n/10.95 0.000| 
 []


Overfull \hbox (5.85042pt too wide) in paragraph at lines 794--796
 []|\T1/ppl/m/n/10.95 0.000| 
 []


Overfull \hbox (22.1543pt too wide) in paragraph at lines 799--801
 []|\T1/ppl/m/n/10.95 Slippery 
 []


Overfull \hbox (3.48517pt too wide) in paragraph at lines 799--801
 \T1/ppl/m/n/10.95 road| 
 []


Overfull \hbox (10.72289pt too wide) in paragraph at lines 801--803
 []|\T1/ppl/m/n/10.95 Speed 
 []


Overfull \hbox (51.0183pt too wide) in paragraph at lines 801--803
 \T1/ppl/m/n/10.95 limit(20km/h)| 
 []


Overfull \hbox (6.81363pt too wide) in paragraph at lines 803--805
 \T1/ppl/m/n/10.95 entry| 
 []


Overfull \hbox (34.22145pt too wide) in paragraph at lines 805--807
 []|\T1/ppl/m/n/10.95 Dangerous 
 []


Overfull \hbox (8.4342pt too wide) in paragraph at lines 805--807
 \T1/ppl/m/n/10.95 curve 
 []


Overfull \hbox (4.755pt too wide) in paragraph at lines 805--807
 \T1/ppl/m/n/10.95 right| 
 []


Overfull \hbox (0.96666pt too wide) in paragraph at lines 807--809
 []|\T1/ppl/m/n/10.95 End 
 []


Overfull \hbox (9.61693pt too wide) in paragraph at lines 807--809
 \T1/ppl/m/n/10.95 speed 
 []


Overfull \hbox (51.0183pt too wide) in paragraph at lines 807--809
 \T1/ppl/m/n/10.95 limit(80km/h)| 
 []


Overfull \hbox (10.72289pt too wide) in paragraph at lines 809--811
 []|\T1/ppl/m/n/10.95 Speed 
 []


Overfull \hbox (51.0183pt too wide) in paragraph at lines 809--811
 \T1/ppl/m/n/10.95 limit(30km/h)| 
 []


Overfull \hbox (5.85042pt too wide) in paragraph at lines 816--818
 []|\T1/ppl/m/n/10.95 0.958| 
 []


Overfull \hbox (5.85042pt too wide) in paragraph at lines 818--820
 []|\T1/ppl/m/n/10.95 0.034| 
 []


Overfull \hbox (5.85042pt too wide) in paragraph at lines 820--822
 []|\T1/ppl/m/n/10.95 0.004| 
 []


Overfull \hbox (5.85042pt too wide) in paragraph at lines 822--824
 []|\T1/ppl/m/n/10.95 0.002| 
 []


Overfull \hbox (5.85042pt too wide) in paragraph at lines 824--826
 []|\T1/ppl/m/n/10.95 0.000| 
 []


Overfull \hbox (10.72289pt too wide) in paragraph at lines 829--831
 []|\T1/ppl/m/n/10.95 Speed 
 []


Overfull \hbox (51.0183pt too wide) in paragraph at lines 829--831
 \T1/ppl/m/n/10.95 limit(30km/h)| 
 []


Overfull \hbox (10.72289pt too wide) in paragraph at lines 831--833
 []|\T1/ppl/m/n/10.95 Speed 
 []


Overfull \hbox (51.0183pt too wide) in paragraph at lines 831--833
 \T1/ppl/m/n/10.95 limit(30km/h)| 
 []


Overfull \hbox (10.72289pt too wide) in paragraph at lines 833--835
 []|\T1/ppl/m/n/10.95 Speed 
 []


Overfull \hbox (51.0183pt too wide) in paragraph at lines 833--835
 \T1/ppl/m/n/10.95 limit(50km/h)| 
 []


Overfull \hbox (18.44234pt too wide) in paragraph at lines 835--837
 \T1/ppl/m/n/10.95 straingt 
 []


Overfull \hbox (4.755pt too wide) in paragraph at lines 835--837
 \T1/ppl/m/n/10.95 right| 
 []


Overfull \hbox (6.23329pt too wide) in paragraph at lines 837--839
 []|\T1/ppl/m/n/10.95 Keep 
 []


Overfull \hbox (4.755pt too wide) in paragraph at lines 837--839
 \T1/ppl/m/n/10.95 right| 
 []


Overfull \hbox (0.96666pt too wide) in paragraph at lines 839--841
 []|\T1/ppl/m/n/10.95 End 
 []


Overfull \hbox (9.61693pt too wide) in paragraph at lines 839--841
 \T1/ppl/m/n/10.95 speed 
 []


Overfull \hbox (6.20064pt too wide) in paragraph at lines 839--841
 \T1/ppl/m/n/10.95 pass- 
 []


Overfull \hbox (8.65312pt too wide) in paragraph at lines 839--841
 \T1/ppl/m/n/10.95 limits| 
 []


Overfull \hbox (5.85042pt too wide) in paragraph at lines 846--848
 []|\T1/ppl/m/n/10.95 0.937| 
 []


Overfull \hbox (5.85042pt too wide) in paragraph at lines 848--850
 []|\T1/ppl/m/n/10.95 0.062| 
 []


Overfull \hbox (5.85042pt too wide) in paragraph at lines 850--852
 []|\T1/ppl/m/n/10.95 0.000| 
 []


Overfull \hbox (5.85042pt too wide) in paragraph at lines 852--854
 []|\T1/ppl/m/n/10.95 0.000| 
 []


Overfull \hbox (5.85042pt too wide) in paragraph at lines 854--856
 []|\T1/ppl/m/n/10.95 0.000| 
 []


Overfull \hbox (10.72289pt too wide) in paragraph at lines 859--861
 []|\T1/ppl/m/n/10.95 Speed 
 []


Overfull \hbox (51.0183pt too wide) in paragraph at lines 859--861
 \T1/ppl/m/n/10.95 limit(60km/h)| 
 []


Overfull \hbox (10.72289pt too wide) in paragraph at lines 861--863
 []|\T1/ppl/m/n/10.95 Speed 
 []


Overfull \hbox (51.0183pt too wide) in paragraph at lines 861--863
 \T1/ppl/m/n/10.95 limit(50km/h)| 
 []


Overfull \hbox (10.72289pt too wide) in paragraph at lines 863--865
 []|\T1/ppl/m/n/10.95 Speed 
 []


Overfull \hbox (51.0183pt too wide) in paragraph at lines 863--865
 \T1/ppl/m/n/10.95 limit(60km/h)| 
 []


Overfull \hbox (10.72289pt too wide) in paragraph at lines 865--867
 []|\T1/ppl/m/n/10.95 Speed 
 []


Overfull \hbox (51.0183pt too wide) in paragraph at lines 865--867
 \T1/ppl/m/n/10.95 limit(80km/h)| 
 []


Overfull \hbox (10.72289pt too wide) in paragraph at lines 867--869
 []|\T1/ppl/m/n/10.95 Speed 
 []


Overfull \hbox (51.0183pt too wide) in paragraph at lines 867--869
 \T1/ppl/m/n/10.95 limit(30km/h)| 
 []


Overfull \hbox (18.44234pt too wide) in paragraph at lines 869--871
 \T1/ppl/m/n/10.95 straight 
 []


Overfull \hbox (4.755pt too wide) in paragraph at lines 869--871
 \T1/ppl/m/n/10.95 right| 
 []


Overfull \hbox (5.85042pt too wide) in paragraph at lines 876--878
 []|\T1/ppl/m/n/10.95 0.718| 
 []


Overfull \hbox (5.85042pt too wide) in paragraph at lines 878--880
 []|\T1/ppl/m/n/10.95 0.282| 
 []


Overfull \hbox (5.85042pt too wide) in paragraph at lines 880--882
 []|\T1/ppl/m/n/10.95 0.000| 
 []


Overfull \hbox (5.85042pt too wide) in paragraph at lines 882--884
 []|\T1/ppl/m/n/10.95 0.000| 
 []


Overfull \hbox (5.85042pt too wide) in paragraph at lines 884--886
 []|\T1/ppl/m/n/10.95 0.000| 
 []


Overfull \hbox (10.72289pt too wide) in paragraph at lines 889--891
 []|\T1/ppl/m/n/10.95 Speed 
 []


Overfull \hbox (51.0183pt too wide) in paragraph at lines 889--891
 \T1/ppl/m/n/10.95 limit(70km/h)| 
 []


Overfull \hbox (10.72289pt too wide) in paragraph at lines 891--893
 []|\T1/ppl/m/n/10.95 Speed 
 []


Overfull \hbox (51.0183pt too wide) in paragraph at lines 891--893
 \T1/ppl/m/n/10.95 limit(20km/h)| 
 []


Overfull \hbox (19.97539pt too wide) in paragraph at lines 893--895
 []|\T1/ppl/m/n/10.95 Bicycles 
 []


Overfull \hbox (21.11432pt too wide) in paragraph at lines 893--895
 \T1/ppl/m/n/10.95 crossing| 
 []


Overfull \hbox (13.51517pt too wide) in paragraph at lines 895--897
 []|\T1/ppl/m/n/10.95 Ahead 
 []


Overfull \hbox (2.8389pt too wide) in paragraph at lines 895--897
 \T1/ppl/m/n/10.95 only| 
 []


Overfull \hbox (10.72289pt too wide) in paragraph at lines 897--899
 []|\T1/ppl/m/n/10.95 Speed 
 []


Overfull \hbox (51.0183pt too wide) in paragraph at lines 897--899
 \T1/ppl/m/n/10.95 limit(30km/h)| 
 []


Overfull \hbox (18.44234pt too wide) in paragraph at lines 899--901
 \T1/ppl/m/n/10.95 straight 
 []


Overfull \hbox (4.755pt too wide) in paragraph at lines 899--901
 \T1/ppl/m/n/10.95 right| 
 []


Overfull \hbox (5.85042pt too wide) in paragraph at lines 906--908
 []|\T1/ppl/m/n/10.95 0.589| 
 []


Overfull \hbox (5.85042pt too wide) in paragraph at lines 908--910
 []|\T1/ppl/m/n/10.95 0.373| 
 []


Overfull \hbox (5.85042pt too wide) in paragraph at lines 910--912
 []|\T1/ppl/m/n/10.95 0.033| 
 []


Overfull \hbox (5.85042pt too wide) in paragraph at lines 912--914
 []|\T1/ppl/m/n/10.95 0.005| 
 []


Overfull \hbox (5.85042pt too wide) in paragraph at lines 914--916
 []|\T1/ppl/m/n/10.95 0.000| 
 []


Overfull \hbox (3.09073pt too wide) in paragraph at lines 919--921
 []|\T1/ppl/m/n/10.95 Stop| 
 []


Overfull \hbox (3.09073pt too wide) in paragraph at lines 921--923
 []|\T1/ppl/m/n/10.95 Stop| 
 []


Overfull \hbox (10.72289pt too wide) in paragraph at lines 923--925
 []|\T1/ppl/m/n/10.95 Speed 
 []


Overfull \hbox (51.0183pt too wide) in paragraph at lines 923--925
 \T1/ppl/m/n/10.95 limit(30km/h)| 
 []


Overfull \hbox (10.72289pt too wide) in paragraph at lines 925--927
 []|\T1/ppl/m/n/10.95 Speed 
 []


Overfull \hbox (51.0183pt too wide) in paragraph at lines 925--927
 \T1/ppl/m/n/10.95 limit(80km/h)| 
 []


Overfull \hbox (18.48604pt too wide) in paragraph at lines 927--929
 []|\T1/ppl/m/n/10.95 Priority 
 []


Overfull \hbox (3.48517pt too wide) in paragraph at lines 927--929
 \T1/ppl/m/n/10.95 road| 
 []


Overfull \hbox (10.72289pt too wide) in paragraph at lines 929--931
 []|\T1/ppl/m/n/10.95 Speed 
 []


Overfull \hbox (51.0183pt too wide) in paragraph at lines 929--931
 \T1/ppl/m/n/10.95 limit(50km/h)| 
 []


Overfull \hbox (5.85042pt too wide) in paragraph at lines 936--938
 []|\T1/ppl/m/n/10.95 0.985| 
 []


Overfull \hbox (5.85042pt too wide) in paragraph at lines 938--940
 []|\T1/ppl/m/n/10.95 0.014| 
 []


Overfull \hbox (5.85042pt too wide) in paragraph at lines 940--942
 []|\T1/ppl/m/n/10.95 0.001| 
 []


Overfull \hbox (5.85042pt too wide) in paragraph at lines 942--944
 []|\T1/ppl/m/n/10.95 0.000| 
 []


Overfull \hbox (5.85042pt too wide) in paragraph at lines 944--946
 []|\T1/ppl/m/n/10.95 0.000| 
 []


Overfull \hbox (4.24054pt too wide) in paragraph at lines 949--951
 []|\T1/ppl/m/n/10.95 Turn 
 []


Overfull \hbox (4.755pt too wide) in paragraph at lines 949--951
 \T1/ppl/m/n/10.95 right 
 []


Overfull \hbox (10.47118pt too wide) in paragraph at lines 949--951
 \T1/ppl/m/n/10.95 ahead| 
 []


Overfull \hbox (4.24054pt too wide) in paragraph at lines 951--953
 []|\T1/ppl/m/n/10.95 Turn 
 []


Overfull \hbox (4.755pt too wide) in paragraph at lines 951--953
 \T1/ppl/m/n/10.95 right 
 []


Overfull \hbox (10.47118pt too wide) in paragraph at lines 951--953
 \T1/ppl/m/n/10.95 ahead| 
 []


Overfull \hbox (11.39064pt too wide) in paragraph at lines 953--955
 []|\T1/ppl/m/n/10.95 Right- 
 []


Overfull \hbox (1.90833pt too wide) in paragraph at lines 953--955
 \T1/ppl/m/n/10.95 way 
 []


Overfull \hbox (2.05043pt too wide) in paragraph at lines 953--955
 \T1/ppl/m/n/10.95 next 
 []


Overfull \hbox (37.76869pt too wide) in paragraph at lines 953--955
 \T1/ppl/m/n/10.95 intersection| 
 []


Overfull \hbox (17.12871pt too wide) in paragraph at lines 955--957
 []|\T1/ppl/m/n/10.95 Beware 
 []


Overfull \hbox (27.26811pt too wide) in paragraph at lines 955--957
 \T1/ppl/m/n/10.95 ice/snow| 
 []


Overfull \hbox (6.67154pt too wide) in paragraph at lines 957--959
 []|\T1/ppl/m/n/10.95 Road 
 []


Overfull \hbox (0.83524pt too wide) in paragraph at lines 957--959
 \T1/ppl/m/n/10.95 nar- 
 []


Overfull \hbox (5.09477pt too wide) in paragraph at lines 957--959
 \T1/ppl/m/n/10.95 rows 
 []


Overfull \hbox (4.755pt too wide) in paragraph at lines 957--959
 \T1/ppl/m/n/10.95 right| 
 []


Overfull \hbox (16.75616pt too wide) in paragraph at lines 959--961
 []|\T1/ppl/m/n/10.95 Double 
 []


Overfull \hbox (8.4342pt too wide) in paragraph at lines 959--961
 \T1/ppl/m/n/10.95 curve| 
 []


Overfull \hbox (5.85042pt too wide) in paragraph at lines 966--968
 []|\T1/ppl/m/n/10.95 0.623| 
 []


Overfull \hbox (5.85042pt too wide) in paragraph at lines 968--970
 []|\T1/ppl/m/n/10.95 0.377| 
 []


Overfull \hbox (5.85042pt too wide) in paragraph at lines 970--972
 []|\T1/ppl/m/n/10.95 0.000| 
 []


Overfull \hbox (5.85042pt too wide) in paragraph at lines 972--974
 []|\T1/ppl/m/n/10.95 0.000| 
 []


Overfull \hbox (5.85042pt too wide) in paragraph at lines 974--976
 []|\T1/ppl/m/n/10.95 0.000| 
 []


Overfull \hbox (6.22243pt too wide) in paragraph at lines 979--981
 []|\T1/ppl/m/n/10.95 Yield| 
 []


Overfull \hbox (6.22243pt too wide) in paragraph at lines 981--983
 []|\T1/ppl/m/n/10.95 Yield| 
 []


Overfull \hbox (10.72289pt too wide) in paragraph at lines 983--985
 []|\T1/ppl/m/n/10.95 Speed 
 []


Overfull \hbox (51.0183pt too wide) in paragraph at lines 983--985
 \T1/ppl/m/n/10.95 limit(30km/h)| 
 []


Overfull \hbox (20.97176pt too wide) in paragraph at lines 985--987
 \T1/ppl/m/n/10.95 vehiclea| 
 []


Overfull \hbox (18.20163pt too wide) in paragraph at lines 987--989
 \T1/ppl/m/n/10.95 passing| 
 []


Overfull \hbox (10.72289pt too wide) in paragraph at lines 989--991
 []|\T1/ppl/m/n/10.95 Speed 
 []


Overfull \hbox (51.0183pt too wide) in paragraph at lines 989--991
 \T1/ppl/m/n/10.95 limit(60km/h)| 
 []


Overfull \hbox (5.85042pt too wide) in paragraph at lines 996--998
 []|\T1/ppl/m/n/10.95 1.000| 
 []


Overfull \hbox (5.85042pt too wide) in paragraph at lines 998--1000
 []|\T1/ppl/m/n/10.95 0.000| 
 []


Overfull \hbox (5.85042pt too wide) in paragraph at lines 1000--1002
 []|\T1/ppl/m/n/10.95 0.000| 
 []


Overfull \hbox (5.85042pt too wide) in paragraph at lines 1002--1004
 []|\T1/ppl/m/n/10.95 0.000| 
 []


Overfull \hbox (5.85042pt too wide) in paragraph at lines 1004--1006
 []|\T1/ppl/m/n/10.95 0.000| 
 []

[8 <./Accuracy.png> <./TrafficSignsInternetInput.png>] [9]
Package atveryend Info: Empty hook `BeforeClearDocument' on input line 1032.
 [10] [11 <./TrafficSignsInternetOutput.png>]
Package atveryend Info: Empty hook `AfterLastShipout' on input line 1032.
 (Writeup.aux)
Package atveryend Info: Executing hook `AtVeryEndDocument' on input line 1032.
Package atveryend Info: Executing hook `AtEndAfterFileList' on input line 1032.

Package rerunfilecheck Info: File `Writeup.out' has not changed.
(rerunfilecheck)             Checksum: D7B9BF3C0B0860067231C7054DCE4B21;714.


LaTeX Warning: Label(s) may have changed. Rerun to get cross-references right.

Package atveryend Info: Empty hook `AtVeryVeryEnd' on input line 1032.
 ) 
Here is how much of TeX's memory you used:
 10932 strings out of 493312
 163451 string characters out of 3138889
 295657 words of memory out of 3000000
 14226 multiletter control sequences out of 15000+200000
 34528 words of font info for 87 fonts, out of 3000000 for 9000
 1141 hyphenation exceptions out of 8191
 36i,6n,77p,662b,444s stack positions out of 5000i,500n,10000p,200000b,50000s
{C:/Program Files/MiKTeX 2.9/fonts/enc/dvips/base/8r.enc}<C:/Program Files/Mi
KTeX 2.9/fonts/type1/public/amsfonts/cm/cmr10.pfb><C:/Program Files/MiKTeX 2.9/
fonts/type1/public/amsfonts/cm/cmsy10.pfb><C:/Program Files/MiKTeX 2.9/fonts/ty
pe1/urw/palatino/uplb8a.pfb><C:/Program Files/MiKTeX 2.9/fonts/type1/urw/palati
no/uplr8a.pfb><C:/Program Files/MiKTeX 2.9/fonts/type1/urw/palatino/uplri8a.pfb
>
Output written on Writeup.pdf (11 pages, 1526566 bytes).
PDF statistics:
 149 PDF objects out of 1000 (max. 8388607)
 35 named destinations out of 1000 (max. 500000)
 110 words of extra memory for PDF output out of 10000 (max. 10000000)

